0 info it worked if it ends with ok
1 verbose cli [ 'C:\\Program Files\\nodejs\\node.exe',
1 verbose cli   'C:\\Program Files\\nodejs\\node_modules\\npm\\bin\\npm-cli.js',
1 verbose cli   'start' ]
2 info using npm@3.10.10
3 info using node@v6.11.0
4 verbose run-script [ 'prestart', 'start', 'poststart' ]
5 info lifecycle meetup@0.0.0~prestart: meetup@0.0.0
6 silly lifecycle meetup@0.0.0~prestart: no script for prestart, continuing
7 info lifecycle meetup@0.0.0~start: meetup@0.0.0
8 verbose lifecycle meetup@0.0.0~start: unsafe-perm in lifecycle true
9 verbose lifecycle meetup@0.0.0~start: PATH: C:\Program Files\nodejs\node_modules\npm\bin\node-gyp-bin;E:\workspace\Java EE\NC\meetup\frontend\src\main\frontend\node_modules\.bin;E:\Programs\Git\mingw64\bin;E:\Programs\Git\usr\bin;C:\Users\alexf\bin;C:\Program Files (x86)\Google\Chrome\Application;C:\oraclexe\app\oracle\product\11.2.0\server\bin;C:\Program Files\Microsoft MPI\Bin;C:\ProgramData\Oracle\Java\javapath;C:\WINDOWS\system32;C:\WINDOWS;C:\WINDOWS\System32\Wbem;C:\WINDOWS\System32\WindowsPowerShell\v1.0;C:\Program Files (x86)\GtkSharp\2.12\bin;C:\WINDOWS\system32\config\systemprofile\.dnx\bin;C:\Program Files\Microsoft DNX\Dnvm;C:\Program Files\Microsoft SQL Server\130\Tools\Binn;C:\Program Files (x86)\Skype\Phone;E:\Programs\Git\cmd;C:\Program Files (x86)\Microsoft SQL Server\130\Tools\Binn;C:\Program Files (x86)\Microsoft SQL Server\130\DTS\Binn;C:\Program Files\Microsoft SQL Server\130\DTS\Binn;C:\Program Files\Microsoft SQL Server\Client SDK\ODBC\130\Tools\Binn;C:\Program Files\MySQL\MySQL Utilities 1.6;C:\Program Files\nodejs;C:\Program Files (x86)\Yarn\bin;C:\Program Files\Java\jdk1.8.0_102\bin;C:\Program Files\Java\tomcat\apache-tomcat-8.5.11\bin;C:\Program Files\VisualSVN Server\bin;E:\Programs\TortoiseHg;C:\Users\alexf\AppData\Local\Programs\Python\Python35-32\Scripts;C:\Users\alexf\AppData\Local\Programs\Python\Python35-32;C:\Program Files\Java\apache-maven-3.3.9\bin;C:\Users\alexf\AppData\Local\Microsoft\WindowsApps;C:\Program Files\MongoDB\Server\3.4\bin;C:\Users\alexf\AppData\Roaming\npm;E:\Programs\Microsoft VS Code\bin;C:\Users\alexf\AppData\Local\Yarn\bin;E:\Programs\Quartus_Lite_17\modelsim_ase\win32aloem;E:\Programs\Mercurial
10 verbose lifecycle meetup@0.0.0~start: CWD: E:\workspace\Java EE\NC\meetup\frontend\src\main\frontend
11 silly lifecycle meetup@0.0.0~start: Args: [ '/d /s /c', 'ng serve --proxy-config proxy.conf.json' ]
12 verbose stack Error: kill ENOSYS
12 verbose stack     at exports._errnoException (util.js:1018:11)
12 verbose stack     at process.kill (internal/process.js:190:13)
12 verbose stack     at process.listener (C:\Program Files\nodejs\node_modules\npm\node_modules\npmlog\node_modules\gauge\node_modules\signal-exit\index.js:86:15)
12 verbose stack     at emitNone (events.js:91:20)
12 verbose stack     at process.emit (events.js:185:7)
12 verbose stack     at processEmit (C:\Program Files\nodejs\node_modules\npm\node_modules\npmlog\node_modules\gauge\node_modules\signal-exit\index.js:146:32)
12 verbose stack     at processEmit (C:\Program Files\nodejs\node_modules\npm\node_modules\npm-registry-client\node_modules\npmlog\node_modules\gauge\node_modules\signal-exit\index.js:146:32)
12 verbose stack     at Signal.wrap.onsignal (internal/process.js:217:44)
13 verbose cwd E:\workspace\Java EE\NC\meetup\frontend\src\main\frontend
14 error Windows_NT 10.0.14393
15 error argv "C:\\Program Files\\nodejs\\node.exe" "C:\\Program Files\\nodejs\\node_modules\\npm\\bin\\npm-cli.js" "start"
16 error node v6.11.0
17 error npm  v3.10.10
18 error code ENOSYS
19 error errno ENOSYS
20 error syscall kill
21 error kill ENOSYS
22 error If you need help, you may report this error at:
22 error     <https://github.com/npm/npm/issues>
23 verbose exit [ 1, true ]
